Using pre-set license
Built from '2022.3/release' branch; Version is '2022.3.5f1 (9674261d40ee) revision 9860134'; Using compiler version '192829333'; Build Type 'Release'
OS: 'Windows 10  (10.0.19045) 64bit Professional' Language: 'tr' Physical Memory: 16236 MB
BatchMode: 1, IsHumanControllingUs: 0, StartBugReporterOnCrash: 0, Is64bit: 1, IsPro: 1

COMMAND LINE ARGUMENTS:
C:\Program Files\Unity\Hub\Editor\2022.3.5f1\Editor\Unity.exe
-adb2
-batchMode
-noUpm
-name
AssetImportWorker0
-projectPath
C:/Users/asus/Desktop/Yeni klasör (7)/Deep-Diver/DeepDiver
-logFile
Logs/AssetImportWorker0.log
-srvPort
54573
Successfully changed project path to: C:/Users/asus/Desktop/Yeni klasör (7)/Deep-Diver/DeepDiver
C:/Users/asus/Desktop/Yeni klasör (7)/Deep-Diver/DeepDiver
[UnityMemory] Configuration Parameters - Can be set up in boot.config
    "memorysetup-bucket-allocator-granularity=16"
    "memorysetup-bucket-allocator-bucket-count=8"
    "memorysetup-bucket-allocator-block-size=33554432"
    "memorysetup-bucket-allocator-block-count=8"
    "memorysetup-main-allocator-block-size=16777216"
    "memorysetup-thread-allocator-block-size=16777216"
    "memorysetup-gfx-main-allocator-block-size=16777216"
    "memorysetup-gfx-thread-allocator-block-size=16777216"
    "memorysetup-cache-allocator-block-size=4194304"
    "memorysetup-typetree-allocator-block-size=2097152"
    "memorysetup-profiler-bucket-allocator-granularity=16"
    "memorysetup-profiler-bucket-allocator-bucket-count=8"
    "memorysetup-profiler-bucket-allocator-block-size=33554432"
    "memorysetup-profiler-bucket-allocator-block-count=8"
    "memorysetup-profiler-allocator-block-size=16777216"
    "memorysetup-profiler-editor-allocator-block-size=1048576"
    "memorysetup-temp-allocator-size-main=16777216"
    "memorysetup-job-temp-allocator-block-size=2097152"
    "memorysetup-job-temp-allocator-block-size-background=1048576"
    "memorysetup-job-temp-allocator-reduction-small-platforms=262144"
    "memorysetup-allocator-temp-initial-block-size-main=262144"
    "memorysetup-allocator-temp-initial-block-size-worker=262144"
    "memorysetup-temp-allocator-size-background-worker=32768"
    "memorysetup-temp-allocator-size-job-worker=262144"
    "memorysetup-temp-allocator-size-preload-manager=33554432"
    "memorysetup-temp-allocator-size-nav-mesh-worker=65536"
    "memorysetup-temp-allocator-size-audio-worker=65536"
    "memorysetup-temp-allocator-size-cloud-worker=32768"
    "memorysetup-temp-allocator-size-gi-baking-worker=262144"
    "memorysetup-temp-allocator-size-gfx=262144"
Player connection [13252] Host "[IP] 192.168.1.4 [Port] 0 [Flags] 2 [Guid] 228371892 [EditorId] 228371892 [Version] 1048832 [Id] WindowsEditor(7,DESKTOP-3MEKJGV) [Debug] 1 [PackageName] WindowsEditor [ProjectName] Editor" joined multi-casting on [225.0.0.222:54997]...

Player connection [13252] Host "[IP] 192.168.1.4 [Port] 0 [Flags] 2 [Guid] 228371892 [EditorId] 228371892 [Version] 1048832 [Id] WindowsEditor(7,DESKTOP-3MEKJGV) [Debug] 1 [PackageName] WindowsEditor [ProjectName] Editor" joined alternative multi-casting on [225.0.0.222:34997]...

Refreshing native plugins compatible for Editor in 28.14 ms, found 6 plugins.
Preloading 0 native plugins for Editor in 0.00 ms.
Initialize engine version: 2022.3.5f1 (9674261d40ee)
[Subsystems] Discovering subsystems at path C:/Program Files/Unity/Hub/Editor/2022.3.5f1/Editor/Data/Resources/UnitySubsystems
[Subsystems] Discovering subsystems at path C:/Users/asus/Desktop/Yeni klasör (7)/Deep-Diver/DeepDiver/Assets
GfxDevice: creating device client; threaded=0; jobified=0
Direct3D:
    Version:  Direct3D 11.0 [level 11.1]
    Renderer: NVIDIA GeForce GTX 1650 (ID=0x1f91)
    Vendor:   NVIDIA
    VRAM:     3949 MB
    Driver:   31.0.15.3141
Initialize mono
Mono path[0] = 'C:/Program Files/Unity/Hub/Editor/2022.3.5f1/Editor/Data/Managed'
Mono path[1] = 'C:/Program Files/Unity/Hub/Editor/2022.3.5f1/Editor/Data/MonoBleedingEdge/lib/mono/unityjit-win32'
Mono config path = 'C:/Program Files/Unity/Hub/Editor/2022.3.5f1/Editor/Data/MonoBleedingEdge/etc'
Using monoOptions --debugger-agent=transport=dt_socket,embedding=1,server=y,suspend=n,address=127.0.0.1:56632
Begin MonoManager ReloadAssembly
Registering precompiled unity dll's ...
Register platform support module: C:/Program Files/Unity/Hub/Editor/2022.3.5f1/Editor/Data/PlaybackEngines/AndroidPlayer/UnityEditor.Android.Extensions.dll
Register platform support module: C:/Program Files/Unity/Hub/Editor/2022.3.5f1/Editor/Data/PlaybackEngines/WindowsStandaloneSupport/UnityEditor.WindowsStandalone.Extensions.dll
Registered in 0.016987 seconds.
- Loaded All Assemblies, in  0.723 seconds
Native extension for WindowsStandalone target not found
Native extension for Android target not found
Android Extension - Scanning For ADB Devices 791 ms
Mono: successfully reloaded assembly
- Finished resetting the current domain, in  1.384 seconds
Domain Reload Profiling: 2102ms
	BeginReloadAssembly (222ms)
		ExecutionOrderSort (0ms)
		DisableScriptedObjects (0ms)
		BackupInstance (0ms)
		ReleaseScriptingObjects (0ms)
		CreateAndSetChildDomain (1ms)
	RebuildCommonClasses (84ms)
	RebuildNativeTypeToScriptingClass (21ms)
	initialDomainReloadingComplete (116ms)
	LoadAllAssembliesAndSetupDomain (275ms)
		LoadAssemblies (214ms)
		RebuildTransferFunctionScriptingTraits (0ms)
		AnalyzeDomain (258ms)
			TypeCache.Refresh (256ms)
				TypeCache.ScanAssembly (235ms)
			ScanForSourceGeneratedMonoScriptInfo (1ms)
			ResolveRequiredComponents (1ms)
	FinalizeReload (1386ms)
		ReleaseScriptCaches (0ms)
		RebuildScriptCaches (0ms)
		SetupLoadedEditorAssemblies (1270ms)
			LogAssemblyErrors (0ms)
			InitializePlatformSupportModulesInManaged (1004ms)
			SetLoadedEditorAssemblies (6ms)
			RefreshPlugins (0ms)
			BeforeProcessingInitializeOnLoad (4ms)
			ProcessInitializeOnLoadAttributes (175ms)
			ProcessInitializeOnLoadMethodAttributes (81ms)
			AfterProcessingInitializeOnLoad (0ms)
			EditorAssembliesLoaded (0ms)
		ExecutionOrderSort2 (0ms)
		AwakeInstancesAfterBackupRestoration (0ms)
========================================================================
Worker process is ready to serve import requests
Begin MonoManager ReloadAssembly
Symbol file LoadedFromMemory doesn't match image C:\Users\asus\Desktop\Yeni klasör (7)\Deep-Diver\DeepDiver\Library\PackageCache\com.unity.visualscripting@1.8.0\Editor\VisualScripting.Core\Dependencies\YamlDotNet\Unity.VisualScripting.YamlDotNet.dll
Symbol file LoadedFromMemory doesn't match image C:\Users\asus\Desktop\Yeni klasör (7)\Deep-Diver\DeepDiver\Library\PackageCache\com.unity.visualscripting@1.8.0\Editor\VisualScripting.Core\Dependencies\DotNetZip\Unity.VisualScripting.IonicZip.dll
- Loaded All Assemblies, in  1.207 seconds
Refreshing native plugins compatible for Editor in 10.11 ms, found 6 plugins.
Native extension for WindowsStandalone target not found
Native extension for Android target not found
Mono: successfully reloaded assembly
- Finished resetting the current domain, in  0.896 seconds
Domain Reload Profiling: 2094ms
	BeginReloadAssembly (180ms)
		ExecutionOrderSort (0ms)
		DisableScriptedObjects (8ms)
		BackupInstance (0ms)
		ReleaseScriptingObjects (0ms)
		CreateAndSetChildDomain (31ms)
	RebuildCommonClasses (49ms)
	RebuildNativeTypeToScriptingClass (17ms)
	initialDomainReloadingComplete (67ms)
	LoadAllAssembliesAndSetupDomain (885ms)
		LoadAssemblies (413ms)
		RebuildTransferFunctionScriptingTraits (0ms)
		AnalyzeDomain (542ms)
			TypeCache.Refresh (490ms)
				TypeCache.ScanAssembly (465ms)
			ScanForSourceGeneratedMonoScriptInfo (33ms)
			ResolveRequiredComponents (19ms)
	FinalizeReload (896ms)
		ReleaseScriptCaches (0ms)
		RebuildScriptCaches (0ms)
		SetupLoadedEditorAssemblies (644ms)
			LogAssemblyErrors (0ms)
			InitializePlatformSupportModulesInManaged (33ms)
			SetLoadedEditorAssemblies (6ms)
			RefreshPlugins (0ms)
			BeforeProcessingInitializeOnLoad (112ms)
			ProcessInitializeOnLoadAttributes (389ms)
			ProcessInitializeOnLoadMethodAttributes (91ms)
			AfterProcessingInitializeOnLoad (13ms)
			EditorAssembliesLoaded (0ms)
		ExecutionOrderSort2 (0ms)
		AwakeInstancesAfterBackupRestoration (6ms)
Launched and connected shader compiler UnityShaderCompiler.exe after 0.04 seconds
Refreshing native plugins compatible for Editor in 20.36 ms, found 6 plugins.
Preloading 0 native plugins for Editor in 0.00 ms.
Unloading 5478 Unused Serialized files (Serialized files now loaded: 0)
Unloading 77 unused Assets / (354.0 KB). Loaded Objects now: 5938.
Memory consumption went from 221.4 MB to 221.0 MB.
Total: 6.802200 ms (FindLiveObjects: 0.695800 ms CreateObjectMapping: 0.670400 ms MarkObjects: 5.148200 ms  DeleteObjects: 0.286200 ms)

AssetImportParameters requested are different than current active one (requested -> active):
  custom:container-demuxer-ogg: 62fdf1f143b41e24485cea50d1cbac27 -> 
  custom:video-decoder-ogg-theora: a1e56fd34408186e4bbccfd4996cb3dc -> 
  custom:framework-win-MediaFoundation: 216162199b28c13a410421893ffa2e32 -> 
  custom:container-demuxer-webm: 4f35f7cbe854078d1ac9338744f61a02 -> 
  custom:container-muxer-webm: aa71ff27fc2769a1b78a27578f13a17b -> 
  custom:video-decoder-webm-vp8: 9c59270c3fd7afecdb556c50c9e8de78 -> 
  custom:AudioImporter_EditorPlatform: d09bf68614088b80899f8185d706f6e7 -> 
  custom:video-encoder-webm-vp8: eb34c28f22e8b96e1ab97ce403110664 -> 
  custom:audio-decoder-ogg-vorbis: bf7c407c2cedff20999df2af8eb42d56 -> 
  custom:audio-encoder-webm-vorbis: bf7c407c2cedff20999df2af8eb42d56 -> 
========================================================================
Received Import Request.
  Time since last request: 45848.994842 seconds.
  path: Assets/RenderPipeline/Settings/SampleSceneProfile.asset
  artifactKey: Guid(a6560a915ef98420e9faacc1c7438823) Importer(815301076,1909f56bfc062723c751e8b465ee728b)
Start importing Assets/RenderPipeline/Settings/SampleSceneProfile.asset using Guid(a6560a915ef98420e9faacc1c7438823) Importer(815301076,1909f56bfc062723c751e8b465ee728b)  -> (artifact id: 'c0dc0bd918f8c7beaca92d8ce642399e') in 0.017447 seconds
Number of updated asset objects reloaded before import = 0
Number of asset objects unloaded after import = 4
========================================================================
Received Prepare
Refreshing native plugins compatible for Editor in 6.98 ms, found 6 plugins.
Preloading 0 native plugins for Editor in 0.00 ms.
Unloading 2 Unused Serialized files (Serialized files now loaded: 0)
Unloading 2 unused Assets / (290.7 KB). Loaded Objects now: 5939.
Memory consumption went from 107.3 MB to 107.0 MB.
Total: 3.376200 ms (FindLiveObjects: 0.420700 ms CreateObjectMapping: 0.453100 ms MarkObjects: 2.442700 ms  DeleteObjects: 0.059200 ms)

Prepare: number of updated asset objects reloaded= 0
AssetImportParameters requested are different than current active one (requested -> active):
  custom:container-demuxer-ogg: 62fdf1f143b41e24485cea50d1cbac27 -> 
  custom:video-decoder-ogg-theora: a1e56fd34408186e4bbccfd4996cb3dc -> 
  custom:framework-win-MediaFoundation: 216162199b28c13a410421893ffa2e32 -> 
  custom:CustomObjectIndexerAttribute: a3ef5dd2817f97addfee359851a9dba5 -> 
  custom:container-demuxer-webm: 4f35f7cbe854078d1ac9338744f61a02 -> 
  custom:container-muxer-webm: aa71ff27fc2769a1b78a27578f13a17b -> 
  custom:video-decoder-webm-vp8: 9c59270c3fd7afecdb556c50c9e8de78 -> 
  custom:AudioImporter_EditorPlatform: d09bf68614088b80899f8185d706f6e7 -> 
  custom:video-encoder-webm-vp8: eb34c28f22e8b96e1ab97ce403110664 -> 
  custom:audio-decoder-ogg-vorbis: bf7c407c2cedff20999df2af8eb42d56 -> 
  custom:audio-encoder-webm-vorbis: bf7c407c2cedff20999df2af8eb42d56 -> 
========================================================================
Received Import Request.
  Time since last request: 409.058967 seconds.
  path: Assets/Models/fish_green.fbx
  artifactKey: Guid(07b51d42d7c1aad4aad51feac469db8e) Importer(815301076,1909f56bfc062723c751e8b465ee728b)
Start importing Assets/Models/fish_green.fbx using Guid(07b51d42d7c1aad4aad51feac469db8e) Importer(815301076,1909f56bfc062723c751e8b465ee728b)  -> (artifact id: '688d3fc579c7cec167e562f3eee64d2a') in 0.009134 seconds
Number of updated asset objects reloaded before import = 0
Number of asset objects unloaded after import = 7
========================================================================
Received Import Request.
  Time since last request: 20.043428 seconds.
  path: Assets/Models/fish_ocolorful.fbx
  artifactKey: Guid(c81750daf6406464fb6bbcd8a7b1acdc) Importer(815301076,1909f56bfc062723c751e8b465ee728b)
Start importing Assets/Models/fish_ocolorful.fbx using Guid(c81750daf6406464fb6bbcd8a7b1acdc) Importer(815301076,1909f56bfc062723c751e8b465ee728b)  -> (artifact id: '032745f5ec8c07c647c2e82bdf0772cc') in 0.002583 seconds
Number of updated asset objects reloaded before import = 0
Number of asset objects unloaded after import = 7
========================================================================
Received Import Request.
  Time since last request: 1.758460 seconds.
  path: Assets/Models/fish_orange.fbx
  artifactKey: Guid(a12ef45f84a136c4da624d0574fd2ae4) Importer(815301076,1909f56bfc062723c751e8b465ee728b)
Start importing Assets/Models/fish_orange.fbx using Guid(a12ef45f84a136c4da624d0574fd2ae4) Importer(815301076,1909f56bfc062723c751e8b465ee728b)  -> (artifact id: '73ebf8cf07008e179b226654e8dfd774') in 0.002373 seconds
Number of updated asset objects reloaded before import = 0
Number of asset objects unloaded after import = 7
========================================================================
Received Import Request.
  Time since last request: 2.466898 seconds.
  path: Assets/Models/fish_shark.fbx
  artifactKey: Guid(d6530350fe5076642b397991126246d5) Importer(815301076,1909f56bfc062723c751e8b465ee728b)
Start importing Assets/Models/fish_shark.fbx using Guid(d6530350fe5076642b397991126246d5) Importer(815301076,1909f56bfc062723c751e8b465ee728b)  -> (artifact id: '386844897bff0e2cfb6865a6e669e1a2') in 0.003625 seconds
Number of updated asset objects reloaded before import = 0
Number of asset objects unloaded after import = 7
========================================================================
Received Import Request.
  Time since last request: 1.905059 seconds.
  path: Assets/Models/fish_yellow.fbx
  artifactKey: Guid(d09e26385e637b441a0693157323c364) Importer(815301076,1909f56bfc062723c751e8b465ee728b)
Start importing Assets/Models/fish_yellow.fbx using Guid(d09e26385e637b441a0693157323c364) Importer(815301076,1909f56bfc062723c751e8b465ee728b)  -> (artifact id: 'baabd6b42756f7e3aa450248437fc298') in 0.002304 seconds
Number of updated asset objects reloaded before import = 0
Number of asset objects unloaded after import = 7
========================================================================
Received Import Request.
  Time since last request: 2.164566 seconds.
  path: Assets/Models/machine.fbx
  artifactKey: Guid(e4dfdb8a15475a749bd9958c2c5dbd49) Importer(815301076,1909f56bfc062723c751e8b465ee728b)
Start importing Assets/Models/machine.fbx using Guid(e4dfdb8a15475a749bd9958c2c5dbd49) Importer(815301076,1909f56bfc062723c751e8b465ee728b)  -> (artifact id: 'a27fab4defa8e268b17b36829e04b8d7') in 0.001537 seconds
Number of updated asset objects reloaded before import = 0
Number of asset objects unloaded after import = 7
========================================================================
Received Import Request.
  Time since last request: 1.782692 seconds.
  path: Assets/Models/machine_2.fbx
  artifactKey: Guid(d5a545260f12f20439e26716b0bf99af) Importer(815301076,1909f56bfc062723c751e8b465ee728b)
Start importing Assets/Models/machine_2.fbx using Guid(d5a545260f12f20439e26716b0bf99af) Importer(815301076,1909f56bfc062723c751e8b465ee728b)  -> (artifact id: '4760f96d81c77d7987ae7e140e6c4b8e') in 0.002113 seconds
Number of updated asset objects reloaded before import = 0
Number of asset objects unloaded after import = 7
========================================================================
Received Import Request.
  Time since last request: 1.915232 seconds.
  path: Assets/Models/ore.fbx
  artifactKey: Guid(84f144fa2d6d18242a621acd38526e28) Importer(815301076,1909f56bfc062723c751e8b465ee728b)
Start importing Assets/Models/ore.fbx using Guid(84f144fa2d6d18242a621acd38526e28) Importer(815301076,1909f56bfc062723c751e8b465ee728b)  -> (artifact id: 'fb1b417ea1c4ac6ec92d8acc38a24e56') in 0.002138 seconds
Number of updated asset objects reloaded before import = 0
Number of asset objects unloaded after import = 7
========================================================================
Received Import Request.
  Time since last request: 1.698835 seconds.
  path: Assets/Models/plant_green.fbx
  artifactKey: Guid(b1c6e0081235a5e409cea64398631427) Importer(815301076,1909f56bfc062723c751e8b465ee728b)
Start importing Assets/Models/plant_green.fbx using Guid(b1c6e0081235a5e409cea64398631427) Importer(815301076,1909f56bfc062723c751e8b465ee728b)  -> (artifact id: '9ae3b18bd753c7b9ba75ce2376c75247') in 0.001587 seconds
Number of updated asset objects reloaded before import = 0
Number of asset objects unloaded after import = 7
========================================================================
Received Import Request.
  Time since last request: 2.470615 seconds.
  path: Assets/Models/plant_orange.fbx
  artifactKey: Guid(aee33c3615ef7714a8fff242822ba527) Importer(815301076,1909f56bfc062723c751e8b465ee728b)
Start importing Assets/Models/plant_orange.fbx using Guid(aee33c3615ef7714a8fff242822ba527) Importer(815301076,1909f56bfc062723c751e8b465ee728b)  -> (artifact id: 'f9f6bdecf2d1080c5b1d1c3b7fdc94a2') in 0.002460 seconds
Number of updated asset objects reloaded before import = 0
Number of asset objects unloaded after import = 7
========================================================================
Received Import Request.
  Time since last request: 4.034741 seconds.
  path: Assets/Models/plant_pinkfbx.fbx
  artifactKey: Guid(67a248538dea71041a95db073b882dbd) Importer(815301076,1909f56bfc062723c751e8b465ee728b)
Start importing Assets/Models/plant_pinkfbx.fbx using Guid(67a248538dea71041a95db073b882dbd) Importer(815301076,1909f56bfc062723c751e8b465ee728b)  -> (artifact id: '695a927e87ac8227001aa09a209089f6') in 0.002562 seconds
Number of updated asset objects reloaded before import = 0
Number of asset objects unloaded after import = 7
========================================================================
Received Import Request.
  Time since last request: 3.523965 seconds.
  path: Assets/Models/plant_yellow.fbx
  artifactKey: Guid(d1b8881f341fd434f94ec7488f1b29a6) Importer(815301076,1909f56bfc062723c751e8b465ee728b)
Start importing Assets/Models/plant_yellow.fbx using Guid(d1b8881f341fd434f94ec7488f1b29a6) Importer(815301076,1909f56bfc062723c751e8b465ee728b)  -> (artifact id: 'a71512700c564b7afe5e6f4848dd7177') in 0.003175 seconds
Number of updated asset objects reloaded before import = 0
Number of asset objects unloaded after import = 7
========================================================================
Received Import Request.
  Time since last request: 3.974603 seconds.
  path: Assets/Models/player_diver.fbx
  artifactKey: Guid(5fe63e78100728c4999c6cc3b0a7e36f) Importer(815301076,1909f56bfc062723c751e8b465ee728b)
Start importing Assets/Models/player_diver.fbx using Guid(5fe63e78100728c4999c6cc3b0a7e36f) Importer(815301076,1909f56bfc062723c751e8b465ee728b)  -> (artifact id: '81724552de8ab918d898eb426e3e7d3b') in 0.002487 seconds
Number of updated asset objects reloaded before import = 0
Number of asset objects unloaded after import = 7
========================================================================
Received Import Request.
  Time since last request: 1.849894 seconds.
  path: Assets/Models/propelle.fbx
  artifactKey: Guid(8c47b783121b36148b66db54c2e54454) Importer(815301076,1909f56bfc062723c751e8b465ee728b)
Start importing Assets/Models/propelle.fbx using Guid(8c47b783121b36148b66db54c2e54454) Importer(815301076,1909f56bfc062723c751e8b465ee728b)  -> (artifact id: 'c7e3219125107a611139cefca37c4950') in 0.003291 seconds
Number of updated asset objects reloaded before import = 0
Number of asset objects unloaded after import = 10
========================================================================
Received Import Request.
  Time since last request: 1.880975 seconds.
  path: Assets/Models/rudder.fbx
  artifactKey: Guid(4896747eb84478942959581cfc90e5dd) Importer(815301076,1909f56bfc062723c751e8b465ee728b)
Start importing Assets/Models/rudder.fbx using Guid(4896747eb84478942959581cfc90e5dd) Importer(815301076,1909f56bfc062723c751e8b465ee728b)  -> (artifact id: '1d357184acd1c51779c3691440acdd53') in 0.002412 seconds
Number of updated asset objects reloaded before import = 0
Number of asset objects unloaded after import = 7
========================================================================
Received Import Request.
  Time since last request: 2.552173 seconds.
  path: Assets/Models/submarine.fbx
  artifactKey: Guid(7f0855e3ffedb4a4894d1dbe4d33b37b) Importer(815301076,1909f56bfc062723c751e8b465ee728b)
Start importing Assets/Models/submarine.fbx using Guid(7f0855e3ffedb4a4894d1dbe4d33b37b) Importer(815301076,1909f56bfc062723c751e8b465ee728b)  -> (artifact id: '69c152bfb07f245badf6fe687dd60303') in 0.002456 seconds
Number of updated asset objects reloaded before import = 0
Number of asset objects unloaded after import = 7
========================================================================
Received Import Request.
  Time since last request: 2.281593 seconds.
  path: Assets/Models/submarine_glass.fbx
  artifactKey: Guid(c2278e56e59f0e340aaa4298d846d306) Importer(815301076,1909f56bfc062723c751e8b465ee728b)
Start importing Assets/Models/submarine_glass.fbx using Guid(c2278e56e59f0e340aaa4298d846d306) Importer(815301076,1909f56bfc062723c751e8b465ee728b)  -> (artifact id: '226646ed217ffb5ef5b4d3ef10ec8557') in 0.002045 seconds
Number of updated asset objects reloaded before import = 0
Number of asset objects unloaded after import = 7
========================================================================
Received Import Request.
  Time since last request: 3.637631 seconds.
  path: Assets/Models/table.fbx
  artifactKey: Guid(44ed2cd39d5353b44bf57ef6d9bbce96) Importer(815301076,1909f56bfc062723c751e8b465ee728b)
Start importing Assets/Models/table.fbx using Guid(44ed2cd39d5353b44bf57ef6d9bbce96) Importer(815301076,1909f56bfc062723c751e8b465ee728b)  -> (artifact id: 'b00c61c6e0807db59523ddda5ae3bac8') in 0.002334 seconds
Number of updated asset objects reloaded before import = 0
Number of asset objects unloaded after import = 7
========================================================================
Received Import Request.
  Time since last request: 2.123004 seconds.
  path: Assets/Models/tube.fbx
  artifactKey: Guid(87836be7a00e36e4ebee8c9eec2e7074) Importer(815301076,1909f56bfc062723c751e8b465ee728b)
Start importing Assets/Models/tube.fbx using Guid(87836be7a00e36e4ebee8c9eec2e7074) Importer(815301076,1909f56bfc062723c751e8b465ee728b)  -> (artifact id: 'fa677b4052b28b97995776faf4765694') in 0.003108 seconds
Number of updated asset objects reloaded before import = 0
Number of asset objects unloaded after import = 7
========================================================================
Received Import Request.
  Time since last request: 2.577000 seconds.
  path: Assets/Models/till.fbx
  artifactKey: Guid(1d9dfce3e83029f4b88db4a344ed52c9) Importer(815301076,1909f56bfc062723c751e8b465ee728b)
Start importing Assets/Models/till.fbx using Guid(1d9dfce3e83029f4b88db4a344ed52c9) Importer(815301076,1909f56bfc062723c751e8b465ee728b)  -> (artifact id: '16ebe8da4c6ebce56bdedf511541df32') in 0.002256 seconds
Number of updated asset objects reloaded before import = 0
Number of asset objects unloaded after import = 7
========================================================================
Received Import Request.
  Time since last request: 74.495515 seconds.
  path: Assets/Textures 1
  artifactKey: Guid(47622b21eda711b41a55cc87cfd07a1c) Importer(815301076,1909f56bfc062723c751e8b465ee728b)
Start importing Assets/Textures 1 using Guid(47622b21eda711b41a55cc87cfd07a1c) Importer(815301076,1909f56bfc062723c751e8b465ee728b)  -> (artifact id: 'bf5457c3cd82d10de5f62c2e2dc8b1b5') in 0.000828 seconds
Number of updated asset objects reloaded before import = 0
Number of asset objects unloaded after import = 0
========================================================================
Received Import Request.
  Time since last request: 11.418597 seconds.
  path: Assets/Textures
  artifactKey: Guid(a7676bc42f03f644b80c1230a0ab32af) Importer(815301076,1909f56bfc062723c751e8b465ee728b)
Start importing Assets/Textures using Guid(a7676bc42f03f644b80c1230a0ab32af) Importer(815301076,1909f56bfc062723c751e8b465ee728b)  -> (artifact id: '199270e7f1a1181d489678d74c612893') in 0.000747 seconds
Number of updated asset objects reloaded before import = 0
Number of asset objects unloaded after import = 0
========================================================================
Received Prepare
Begin MonoManager ReloadAssembly
Symbol file LoadedFromMemory doesn't match image C:\Users\asus\Desktop\Yeni klasör (7)\Deep-Diver\DeepDiver\Library\PackageCache\com.unity.visualscripting@1.8.0\Editor\VisualScripting.Core\Dependencies\YamlDotNet\Unity.VisualScripting.YamlDotNet.dll
Symbol file LoadedFromMemory doesn't match image C:\Users\asus\Desktop\Yeni klasör (7)\Deep-Diver\DeepDiver\Library\PackageCache\com.unity.visualscripting@1.8.0\Editor\VisualScripting.Core\Dependencies\DotNetZip\Unity.VisualScripting.IonicZip.dll
- Loaded All Assemblies, in  1.249 seconds
Refreshing native plugins compatible for Editor in 11.53 ms, found 6 plugins.
Native extension for WindowsStandalone target not found
Native extension for Android target not found
Mono: successfully reloaded assembly
- Finished resetting the current domain, in  3.324 seconds
Domain Reload Profiling: 4566ms
	BeginReloadAssembly (230ms)
		ExecutionOrderSort (0ms)
		DisableScriptedObjects (6ms)
		BackupInstance (0ms)
		ReleaseScriptingObjects (0ms)
		CreateAndSetChildDomain (74ms)
	RebuildCommonClasses (55ms)
	RebuildNativeTypeToScriptingClass (20ms)
	initialDomainReloadingComplete (52ms)
	LoadAllAssembliesAndSetupDomain (884ms)
		LoadAssemblies (465ms)
		RebuildTransferFunctionScriptingTraits (0ms)
		AnalyzeDomain (501ms)
			TypeCache.Refresh (486ms)
				TypeCache.ScanAssembly (467ms)
			ScanForSourceGeneratedMonoScriptInfo (0ms)
			ResolveRequiredComponents (15ms)
	FinalizeReload (3325ms)
		ReleaseScriptCaches (0ms)
		RebuildScriptCaches (0ms)
		SetupLoadedEditorAssemblies (824ms)
			LogAssemblyErrors (0ms)
			InitializePlatformSupportModulesInManaged (43ms)
			SetLoadedEditorAssemblies (6ms)
			RefreshPlugins (0ms)
			BeforeProcessingInitializeOnLoad (140ms)
			ProcessInitializeOnLoadAttributes (494ms)
			ProcessInitializeOnLoadMethodAttributes (122ms)
			AfterProcessingInitializeOnLoad (20ms)
			EditorAssembliesLoaded (0ms)
		ExecutionOrderSort2 (0ms)
		AwakeInstancesAfterBackupRestoration (30ms)
Refreshing native plugins compatible for Editor in 13.59 ms, found 6 plugins.
Preloading 0 native plugins for Editor in 0.00 ms.
Unloading 5304 Unused Serialized files (Serialized files now loaded: 0)
Unloading 46 unused Assets / (321.9 KB). Loaded Objects now: 5943.
Memory consumption went from 189.3 MB to 189.0 MB.
Total: 6.643600 ms (FindLiveObjects: 0.599100 ms CreateObjectMapping: 0.642000 ms MarkObjects: 5.225500 ms  DeleteObjects: 0.175700 ms)

Prepare: number of updated asset objects reloaded= 0
AssetImportParameters requested are different than current active one (requested -> active):
  custom:container-demuxer-ogg: 62fdf1f143b41e24485cea50d1cbac27 -> 
  custom:video-decoder-ogg-theora: a1e56fd34408186e4bbccfd4996cb3dc -> 
  custom:framework-win-MediaFoundation: 216162199b28c13a410421893ffa2e32 -> 
  custom:CustomObjectIndexerAttribute: a3ef5dd2817f97addfee359851a9dba5 -> 
  custom:container-demuxer-webm: 4f35f7cbe854078d1ac9338744f61a02 -> 
  custom:container-muxer-webm: aa71ff27fc2769a1b78a27578f13a17b -> 
  custom:video-decoder-webm-vp8: 9c59270c3fd7afecdb556c50c9e8de78 -> 
  custom:AudioImporter_EditorPlatform: d09bf68614088b80899f8185d706f6e7 -> 
  custom:video-encoder-webm-vp8: eb34c28f22e8b96e1ab97ce403110664 -> 
  custom:audio-decoder-ogg-vorbis: bf7c407c2cedff20999df2af8eb42d56 -> 
  custom:audio-encoder-webm-vorbis: bf7c407c2cedff20999df2af8eb42d56 -> 
========================================================================
Received Import Request.
  Time since last request: 188.826243 seconds.
  path: Assets/Models/mapf.fbx
  artifactKey: Guid(413721ec6177d8440ad5b792cddccd53) Importer(815301076,1909f56bfc062723c751e8b465ee728b)
Start importing Assets/Models/mapf.fbx using Guid(413721ec6177d8440ad5b792cddccd53) Importer(815301076,1909f56bfc062723c751e8b465ee728b)  -> (artifact id: '0b9e7757a983d03da177265321a60ec0') in 0.021813 seconds
Number of updated asset objects reloaded before import = 0
Number of asset objects unloaded after import = 7
========================================================================
Received Import Request.
  Time since last request: 153.056487 seconds.
  path: Assets/Models/player_diver.fbx
  artifactKey: Guid(5fe63e78100728c4999c6cc3b0a7e36f) Importer(815301076,1909f56bfc062723c751e8b465ee728b)
Start importing Assets/Models/player_diver.fbx using Guid(5fe63e78100728c4999c6cc3b0a7e36f) Importer(815301076,1909f56bfc062723c751e8b465ee728b)  -> (artifact id: '77eab51cf00abaa7ea207f51e638a325') in 0.002971 seconds
Number of updated asset objects reloaded before import = 0
Number of asset objects unloaded after import = 7
========================================================================
Received Import Request.
  Time since last request: 5.294874 seconds.
  path: Assets/Materials/fish.mat
  artifactKey: Guid(02e99ad50b40ede4196ca565dd81360a) Importer(815301076,1909f56bfc062723c751e8b465ee728b)
Start importing Assets/Materials/fish.mat using Guid(02e99ad50b40ede4196ca565dd81360a) Importer(815301076,1909f56bfc062723c751e8b465ee728b)  -> (artifact id: '345afb8e192c660ff6b87b40ba1d3bba') in 0.002850 seconds
Number of updated asset objects reloaded before import = 0
Number of asset objects unloaded after import = 1
========================================================================
Received Import Request.
  Time since last request: 0.000071 seconds.
  path: Assets/TextMesh Pro/Resources/Fonts & Materials/LiberationSans SDF - Drop Shadow.mat
  artifactKey: Guid(e73a58f6e2794ae7b1b7e50b7fb811b0) Importer(815301076,1909f56bfc062723c751e8b465ee728b)
Start importing Assets/TextMesh Pro/Resources/Fonts & Materials/LiberationSans SDF - Drop Shadow.mat using Guid(e73a58f6e2794ae7b1b7e50b7fb811b0) Importer(815301076,1909f56bfc062723c751e8b465ee728b)  -> (artifact id: 'c42dea3de3b1e36c6dd0f425ea16384d') in 0.001644 seconds
Number of updated asset objects reloaded before import = 0
Number of asset objects unloaded after import = 1
========================================================================
Received Import Request.
  Time since last request: 0.000016 seconds.
  path: Assets/Materials/HarpoonRopeMaterial.mat
  artifactKey: Guid(22c89f8b31ee76f409e35182229faf4a) Importer(815301076,1909f56bfc062723c751e8b465ee728b)
Start importing Assets/Materials/HarpoonRopeMaterial.mat using Guid(22c89f8b31ee76f409e35182229faf4a) Importer(815301076,1909f56bfc062723c751e8b465ee728b)  -> (artifact id: 'ca92f9468f53860631d8a78eb6f38b27') in 0.001928 seconds
Number of updated asset objects reloaded before import = 0
Number of asset objects unloaded after import = 1
========================================================================
Received Import Request.
  Time since last request: 0.802493 seconds.
  path: Assets/TextMesh Pro/Resources/Fonts & Materials/LiberationSans SDF - Outline.mat
  artifactKey: Guid(79459efec17a4d00a321bdcc27bbc385) Importer(815301076,1909f56bfc062723c751e8b465ee728b)
Start importing Assets/TextMesh Pro/Resources/Fonts & Materials/LiberationSans SDF - Outline.mat using Guid(79459efec17a4d00a321bdcc27bbc385) Importer(815301076,1909f56bfc062723c751e8b465ee728b)  -> (artifact id: '50060e0e8af30e7669ad347dd61c806a') in 0.001718 seconds
Number of updated asset objects reloaded before import = 0
Number of asset objects unloaded after import = 1
========================================================================
Received Import Request.
  Time since last request: 0.087193 seconds.
  path: Assets/TextMesh Pro/Resources/Fonts & Materials/LiberationSans SDF - Fallback.asset
  artifactKey: Guid(2e498d1c8094910479dc3e1b768306a4) Importer(815301076,1909f56bfc062723c751e8b465ee728b)
Start importing Assets/TextMesh Pro/Resources/Fonts & Materials/LiberationSans SDF - Fallback.asset using Guid(2e498d1c8094910479dc3e1b768306a4) Importer(815301076,1909f56bfc062723c751e8b465ee728b)  -> (artifact id: 'cf669ed0a8b6e6a7090c7e94a47f83a2') in 0.016696 seconds
Number of updated asset objects reloaded before import = 0
Number of asset objects unloaded after import = 5
========================================================================
Received Import Request.
  Time since last request: 2.568078 seconds.
  path: Assets/Materials/map.mat
  artifactKey: Guid(d0c70f7ed2e516249ba3261833c5ec85) Importer(815301076,1909f56bfc062723c751e8b465ee728b)
Start importing Assets/Materials/map.mat using Guid(d0c70f7ed2e516249ba3261833c5ec85) Importer(815301076,1909f56bfc062723c751e8b465ee728b)  -> (artifact id: '79087b974ea28c720d5da20a244064f0') in 0.003124 seconds
Number of updated asset objects reloaded before import = 0
Number of asset objects unloaded after import = 1
========================================================================
Received Import Request.
  Time since last request: 0.402704 seconds.
  path: Assets/Materials/Test_Player.mat
  artifactKey: Guid(ddc38546753df4d4f87b1f820142081a) Importer(815301076,1909f56bfc062723c751e8b465ee728b)
Start importing Assets/Materials/Test_Player.mat using Guid(ddc38546753df4d4f87b1f820142081a) Importer(815301076,1909f56bfc062723c751e8b465ee728b)  -> (artifact id: '746f9390ef0de9cbb704d0353e9f8483') in 0.001827 seconds
Number of updated asset objects reloaded before import = 0
Number of asset objects unloaded after import = 1
========================================================================
Received Import Request.
  Time since last request: 6.729088 seconds.
  path: Assets/Models/player_diver.fbx
  artifactKey: Guid(5fe63e78100728c4999c6cc3b0a7e36f) Importer(815301076,1909f56bfc062723c751e8b465ee728b)
Start importing Assets/Models/player_diver.fbx using Guid(5fe63e78100728c4999c6cc3b0a7e36f) Importer(815301076,1909f56bfc062723c751e8b465ee728b)  -> (artifact id: '076011e78f01877d2fd538dacce4cf63') in 0.002370 seconds
Number of updated asset objects reloaded before import = 0
Number of asset objects unloaded after import = 6
========================================================================
Received Import Request.
  Time since last request: 54.343419 seconds.
  path: Assets/Models/fish_ocolorful.fbx
  artifactKey: Guid(c81750daf6406464fb6bbcd8a7b1acdc) Importer(815301076,1909f56bfc062723c751e8b465ee728b)
Start importing Assets/Models/fish_ocolorful.fbx using Guid(c81750daf6406464fb6bbcd8a7b1acdc) Importer(815301076,1909f56bfc062723c751e8b465ee728b)  -> (artifact id: '3b29b17558828fb5bad1b4cf203000b8') in 0.002282 seconds
Number of updated asset objects reloaded before import = 0
Number of asset objects unloaded after import = 7
========================================================================
Received Import Request.
  Time since last request: 36.901050 seconds.
  path: Assets/Models/fish_green.fbx
  artifactKey: Guid(07b51d42d7c1aad4aad51feac469db8e) Importer(815301076,1909f56bfc062723c751e8b465ee728b)
Start importing Assets/Models/fish_green.fbx using Guid(07b51d42d7c1aad4aad51feac469db8e) Importer(815301076,1909f56bfc062723c751e8b465ee728b)  -> (artifact id: 'd7293736d6cca8a2ecafd64175c79f93') in 0.001697 seconds
Number of updated asset objects reloaded before import = 0
Number of asset objects unloaded after import = 7
========================================================================
Received Import Request.
  Time since last request: 10.880710 seconds.
  path: Assets/Models/fish_green.fbx
  artifactKey: Guid(07b51d42d7c1aad4aad51feac469db8e) Importer(815301076,1909f56bfc062723c751e8b465ee728b)
Start importing Assets/Models/fish_green.fbx using Guid(07b51d42d7c1aad4aad51feac469db8e) Importer(815301076,1909f56bfc062723c751e8b465ee728b)  -> (artifact id: '02f24e7265e6735e5a5d1959ba9f2e85') in 0.001948 seconds
Number of updated asset objects reloaded before import = 0
Number of asset objects unloaded after import = 6
========================================================================
Received Import Request.
  Time since last request: 9.745962 seconds.
  path: Assets/Models/fish_ocolorful.fbx
  artifactKey: Guid(c81750daf6406464fb6bbcd8a7b1acdc) Importer(815301076,1909f56bfc062723c751e8b465ee728b)
Start importing Assets/Models/fish_ocolorful.fbx using Guid(c81750daf6406464fb6bbcd8a7b1acdc) Importer(815301076,1909f56bfc062723c751e8b465ee728b)  -> (artifact id: 'e610f0cddd3c9695878b4a51c82d489b') in 0.001953 seconds
Number of updated asset objects reloaded before import = 0
Number of asset objects unloaded after import = 6
========================================================================
Received Import Request.
  Time since last request: 1.087720 seconds.
  path: Assets/Models/fish_orange.fbx
  artifactKey: Guid(a12ef45f84a136c4da624d0574fd2ae4) Importer(815301076,1909f56bfc062723c751e8b465ee728b)
Start importing Assets/Models/fish_orange.fbx using Guid(a12ef45f84a136c4da624d0574fd2ae4) Importer(815301076,1909f56bfc062723c751e8b465ee728b)  -> (artifact id: '1e12ddce9013a19f21ed7f5f3f96e4ae') in 0.003293 seconds
Number of updated asset objects reloaded before import = 0
Number of asset objects unloaded after import = 7
========================================================================
Received Import Request.
  Time since last request: 3.464690 seconds.
  path: Assets/Models/fish_orange.fbx
  artifactKey: Guid(a12ef45f84a136c4da624d0574fd2ae4) Importer(815301076,1909f56bfc062723c751e8b465ee728b)
Start importing Assets/Models/fish_orange.fbx using Guid(a12ef45f84a136c4da624d0574fd2ae4) Importer(815301076,1909f56bfc062723c751e8b465ee728b)  -> (artifact id: '0c4032a8f31539ecb3b2eff808ed11d0') in 0.002716 seconds
Number of updated asset objects reloaded before import = 0
Number of asset objects unloaded after import = 6
========================================================================
Received Import Request.
  Time since last request: 0.559060 seconds.
  path: Assets/Models/fish_shark.fbx
  artifactKey: Guid(d6530350fe5076642b397991126246d5) Importer(815301076,1909f56bfc062723c751e8b465ee728b)
Start importing Assets/Models/fish_shark.fbx using Guid(d6530350fe5076642b397991126246d5) Importer(815301076,1909f56bfc062723c751e8b465ee728b)  -> (artifact id: '8b25ad2b7ddc27cfe513fdbac49cd2ca') in 0.001855 seconds
Number of updated asset objects reloaded before import = 0
Number of asset objects unloaded after import = 7
========================================================================
Received Import Request.
  Time since last request: 3.176981 seconds.
  path: Assets/Models/fish_shark.fbx
  artifactKey: Guid(d6530350fe5076642b397991126246d5) Importer(815301076,1909f56bfc062723c751e8b465ee728b)
Start importing Assets/Models/fish_shark.fbx using Guid(d6530350fe5076642b397991126246d5) Importer(815301076,1909f56bfc062723c751e8b465ee728b)  -> (artifact id: 'f24ddbfa9eb11e33d4542a8c62a4303b') in 0.002278 seconds
Number of updated asset objects reloaded before import = 0
Number of asset objects unloaded after import = 6
========================================================================
Received Import Request.
  Time since last request: 3.238262 seconds.
  path: Assets/Models/fish_yellow.fbx
  artifactKey: Guid(d09e26385e637b441a0693157323c364) Importer(815301076,1909f56bfc062723c751e8b465ee728b)
Start importing Assets/Models/fish_yellow.fbx using Guid(d09e26385e637b441a0693157323c364) Importer(815301076,1909f56bfc062723c751e8b465ee728b)  -> (artifact id: '99fe43c08d41f6cb95d45e7b83751661') in 0.001947 seconds
Number of updated asset objects reloaded before import = 0
Number of asset objects unloaded after import = 7
========================================================================
Received Import Request.
  Time since last request: 2.430620 seconds.
  path: Assets/Models/fish_yellow.fbx
  artifactKey: Guid(d09e26385e637b441a0693157323c364) Importer(815301076,1909f56bfc062723c751e8b465ee728b)
Start importing Assets/Models/fish_yellow.fbx using Guid(d09e26385e637b441a0693157323c364) Importer(815301076,1909f56bfc062723c751e8b465ee728b)  -> (artifact id: '3b74390329c055a8c00822cba9544046') in 0.002321 seconds
Number of updated asset objects reloaded before import = 0
Number of asset objects unloaded after import = 6
========================================================================
Received Import Request.
  Time since last request: 102.744461 seconds.
  path: Assets/Models/mapf.fbx
  artifactKey: Guid(413721ec6177d8440ad5b792cddccd53) Importer(815301076,1909f56bfc062723c751e8b465ee728b)
Start importing Assets/Models/mapf.fbx using Guid(413721ec6177d8440ad5b792cddccd53) Importer(815301076,1909f56bfc062723c751e8b465ee728b)  -> (artifact id: '7e47f973879e01bc738b10407de450e5') in 0.002536 seconds
Number of updated asset objects reloaded before import = 0
Number of asset objects unloaded after import = 6
========================================================================
Received Import Request.
  Time since last request: 388.497269 seconds.
  path: Assets/Models/plant_green.fbx
  artifactKey: Guid(b1c6e0081235a5e409cea64398631427) Importer(815301076,1909f56bfc062723c751e8b465ee728b)
Start importing Assets/Models/plant_green.fbx using Guid(b1c6e0081235a5e409cea64398631427) Importer(815301076,1909f56bfc062723c751e8b465ee728b)  -> (artifact id: 'c82e48f58bf534f26ef2cc79cbe48568') in 0.002959 seconds
Number of updated asset objects reloaded before import = 0
Number of asset objects unloaded after import = 7
========================================================================
Received Import Request.
  Time since last request: 68.046183 seconds.
  path: Assets/Models/plant_green.fbx
  artifactKey: Guid(b1c6e0081235a5e409cea64398631427) Importer(815301076,1909f56bfc062723c751e8b465ee728b)
Start importing Assets/Models/plant_green.fbx using Guid(b1c6e0081235a5e409cea64398631427) Importer(815301076,1909f56bfc062723c751e8b465ee728b)  -> (artifact id: 'e9d26987d8f0af40208aabb5d4a2100c') in 0.002701 seconds
Number of updated asset objects reloaded before import = 0
Number of asset objects unloaded after import = 6
========================================================================
Received Import Request.
  Time since last request: 1.038879 seconds.
  path: Assets/Models/plant_orange.fbx
  artifactKey: Guid(aee33c3615ef7714a8fff242822ba527) Importer(815301076,1909f56bfc062723c751e8b465ee728b)
Start importing Assets/Models/plant_orange.fbx using Guid(aee33c3615ef7714a8fff242822ba527) Importer(815301076,1909f56bfc062723c751e8b465ee728b)  -> (artifact id: '5c46a412877c6eb1319197d0b2b4a6b5') in 0.004286 seconds
Number of updated asset objects reloaded before import = 0
Number of asset objects unloaded after import = 7
========================================================================
Received Import Request.
  Time since last request: 2.025530 seconds.
  path: Assets/Models/plant_orange.fbx
  artifactKey: Guid(aee33c3615ef7714a8fff242822ba527) Importer(815301076,1909f56bfc062723c751e8b465ee728b)
Start importing Assets/Models/plant_orange.fbx using Guid(aee33c3615ef7714a8fff242822ba527) Importer(815301076,1909f56bfc062723c751e8b465ee728b)  -> (artifact id: '24f43c6f266751497b03f683a368eb38') in 0.002232 seconds
Number of updated asset objects reloaded before import = 0
Number of asset objects unloaded after import = 6
========================================================================
Received Import Request.
  Time since last request: 32.516653 seconds.
  path: Assets/Models/plant_pinkfbx.fbx
  artifactKey: Guid(67a248538dea71041a95db073b882dbd) Importer(815301076,1909f56bfc062723c751e8b465ee728b)
Start importing Assets/Models/plant_pinkfbx.fbx using Guid(67a248538dea71041a95db073b882dbd) Importer(815301076,1909f56bfc062723c751e8b465ee728b)  -> (artifact id: 'c858ba1391f9efff664548b95916f450') in 0.002594 seconds
Number of updated asset objects reloaded before import = 0
Number of asset objects unloaded after import = 7
========================================================================
Received Import Request.
  Time since last request: 2.437821 seconds.
  path: Assets/Models/plant_pinkfbx.fbx
  artifactKey: Guid(67a248538dea71041a95db073b882dbd) Importer(815301076,1909f56bfc062723c751e8b465ee728b)
Start importing Assets/Models/plant_pinkfbx.fbx using Guid(67a248538dea71041a95db073b882dbd) Importer(815301076,1909f56bfc062723c751e8b465ee728b)  -> (artifact id: '22e1e7bd3c3af57fb2d9e770a1905129') in 0.001810 seconds
Number of updated asset objects reloaded before import = 0
Number of asset objects unloaded after import = 6
========================================================================
Received Import Request.
  Time since last request: 0.856161 seconds.
  path: Assets/Models/plant_yellow.fbx
  artifactKey: Guid(d1b8881f341fd434f94ec7488f1b29a6) Importer(815301076,1909f56bfc062723c751e8b465ee728b)
Start importing Assets/Models/plant_yellow.fbx using Guid(d1b8881f341fd434f94ec7488f1b29a6) Importer(815301076,1909f56bfc062723c751e8b465ee728b)  -> (artifact id: '97c64edcfd4303acf2a965f5455454a8') in 0.002348 seconds
Number of updated asset objects reloaded before import = 0
Number of asset objects unloaded after import = 7
========================================================================
Received Import Request.
  Time since last request: 2.768299 seconds.
  path: Assets/Models/plant_yellow.fbx
  artifactKey: Guid(d1b8881f341fd434f94ec7488f1b29a6) Importer(815301076,1909f56bfc062723c751e8b465ee728b)
Start importing Assets/Models/plant_yellow.fbx using Guid(d1b8881f341fd434f94ec7488f1b29a6) Importer(815301076,1909f56bfc062723c751e8b465ee728b)  -> (artifact id: '97a75aedb8be319959ccde98df7286a1') in 0.001948 seconds
Number of updated asset objects reloaded before import = 0
Number of asset objects unloaded after import = 6
========================================================================
Received Import Request.
  Time since last request: 69.349981 seconds.
  path: Assets/Models/submarine.fbx
  artifactKey: Guid(7f0855e3ffedb4a4894d1dbe4d33b37b) Importer(815301076,1909f56bfc062723c751e8b465ee728b)
Start importing Assets/Models/submarine.fbx using Guid(7f0855e3ffedb4a4894d1dbe4d33b37b) Importer(815301076,1909f56bfc062723c751e8b465ee728b)  -> (artifact id: '683035fb2473682065eef7f5892c2c8a') in 0.002322 seconds
Number of updated asset objects reloaded before import = 0
Number of asset objects unloaded after import = 7
========================================================================
Received Import Request.
  Time since last request: 57.118873 seconds.
  path: Assets/Models/submarine.fbx
  artifactKey: Guid(7f0855e3ffedb4a4894d1dbe4d33b37b) Importer(815301076,1909f56bfc062723c751e8b465ee728b)
Start importing Assets/Models/submarine.fbx using Guid(7f0855e3ffedb4a4894d1dbe4d33b37b) Importer(815301076,1909f56bfc062723c751e8b465ee728b)  -> (artifact id: '08f2a357ea69e863be7f9f8a65ca8e05') in 0.002337 seconds
Number of updated asset objects reloaded before import = 0
Number of asset objects unloaded after import = 6
========================================================================
Received Import Request.
  Time since last request: 152.418659 seconds.
  path: Assets/Models/table.fbx
  artifactKey: Guid(44ed2cd39d5353b44bf57ef6d9bbce96) Importer(815301076,1909f56bfc062723c751e8b465ee728b)
Start importing Assets/Models/table.fbx using Guid(44ed2cd39d5353b44bf57ef6d9bbce96) Importer(815301076,1909f56bfc062723c751e8b465ee728b)  -> (artifact id: 'b36fa1427be1d48e319327b4150b41fc') in 0.002368 seconds
Number of updated asset objects reloaded before import = 0
Number of asset objects unloaded after import = 7
========================================================================
Received Import Request.
  Time since last request: 233.561172 seconds.
  path: Assets/Models/propelle.fbx
  artifactKey: Guid(8c47b783121b36148b66db54c2e54454) Importer(815301076,1909f56bfc062723c751e8b465ee728b)
Start importing Assets/Models/propelle.fbx using Guid(8c47b783121b36148b66db54c2e54454) Importer(815301076,1909f56bfc062723c751e8b465ee728b)  -> (artifact id: '6988b099903c9be233c18163f8305cd0') in 0.002928 seconds
Number of updated asset objects reloaded before import = 0
Number of asset objects unloaded after import = 10
========================================================================
Received Import Request.
  Time since last request: 50.326362 seconds.
  path: Assets/Models/rudder.fbx
  artifactKey: Guid(4896747eb84478942959581cfc90e5dd) Importer(815301076,1909f56bfc062723c751e8b465ee728b)
Start importing Assets/Models/rudder.fbx using Guid(4896747eb84478942959581cfc90e5dd) Importer(815301076,1909f56bfc062723c751e8b465ee728b)  -> (artifact id: '63126c188cba8b05bb5f11e0f418fc6c') in 0.002775 seconds
Number of updated asset objects reloaded before import = 0
Number of asset objects unloaded after import = 7
========================================================================
Received Import Request.
  Time since last request: 160.932171 seconds.
  path: Assets/Models/ore.fbx
  artifactKey: Guid(84f144fa2d6d18242a621acd38526e28) Importer(815301076,1909f56bfc062723c751e8b465ee728b)
Start importing Assets/Models/ore.fbx using Guid(84f144fa2d6d18242a621acd38526e28) Importer(815301076,1909f56bfc062723c751e8b465ee728b)  -> (artifact id: 'b5b743f3692c37201c61e68547c91027') in 0.002448 seconds
Number of updated asset objects reloaded before import = 0
Number of asset objects unloaded after import = 7
========================================================================
Received Import Request.
  Time since last request: 3.599067 seconds.
  path: Assets/Models/ore.fbx
  artifactKey: Guid(84f144fa2d6d18242a621acd38526e28) Importer(815301076,1909f56bfc062723c751e8b465ee728b)
Start importing Assets/Models/ore.fbx using Guid(84f144fa2d6d18242a621acd38526e28) Importer(815301076,1909f56bfc062723c751e8b465ee728b)  -> (artifact id: '199ade2d4762945bd6b7b1edd6150ecf') in 0.002004 seconds
Number of updated asset objects reloaded before import = 0
Number of asset objects unloaded after import = 6
========================================================================
Received Import Request.
  Time since last request: 986.528732 seconds.
  path: Assets/Prefabs/Player Prefabs
  artifactKey: Guid(b73313bbbd7b02240b4bb3fe6b4834bd) Importer(815301076,1909f56bfc062723c751e8b465ee728b)
Start importing Assets/Prefabs/Player Prefabs using Guid(b73313bbbd7b02240b4bb3fe6b4834bd) Importer(815301076,1909f56bfc062723c751e8b465ee728b)  -> (artifact id: '870ff80c8cef9225c5c308a2b24921af') in 0.000884 seconds
Number of updated asset objects reloaded before import = 0
Number of asset objects unloaded after import = 0
========================================================================
Received Import Request.
  Time since last request: 22.510892 seconds.
  path: Assets/Prefabs/Fish Prefabs
  artifactKey: Guid(2d73b21e4a4ccec49bd48a4a86eb2d22) Importer(815301076,1909f56bfc062723c751e8b465ee728b)
Start importing Assets/Prefabs/Fish Prefabs using Guid(2d73b21e4a4ccec49bd48a4a86eb2d22) Importer(815301076,1909f56bfc062723c751e8b465ee728b)  -> (artifact id: '37ff02d0dbe853e65be69ba9e85e327b') in 0.000640 seconds
Number of updated asset objects reloaded before import = 0
Number of asset objects unloaded after import = 0
========================================================================
Received Import Request.
  Time since last request: 2.393703 seconds.
  path: Assets/Prefabs/Fish Prefabs/TunaFish.prefab
  artifactKey: Guid(d493b25cbed727a489962cfeabb389fd) Importer(815301076,1909f56bfc062723c751e8b465ee728b)
Start importing Assets/Prefabs/Fish Prefabs/TunaFish.prefab using Guid(d493b25cbed727a489962cfeabb389fd) Importer(815301076,1909f56bfc062723c751e8b465ee728b)  -> (artifact id: 'b14583dfb567c2839d716e8d0dfb7149') in 0.010286 seconds
Number of updated asset objects reloaded before import = 0
Number of asset objects unloaded after import = 23
========================================================================
Received Import Request.
  Time since last request: 2.513048 seconds.
  path: Assets/Prefabs/Fish Prefabs/FishArea.prefab
  artifactKey: Guid(436d85410af73b9439c0da45f10d6586) Importer(815301076,1909f56bfc062723c751e8b465ee728b)
Start importing Assets/Prefabs/Fish Prefabs/FishArea.prefab using Guid(436d85410af73b9439c0da45f10d6586) Importer(815301076,1909f56bfc062723c751e8b465ee728b)  -> (artifact id: '056168146c8126aaee48c35451ae94ee') in 0.002154 seconds
Number of updated asset objects reloaded before import = 0
Number of asset objects unloaded after import = 5
========================================================================
Received Prepare
Begin MonoManager ReloadAssembly
Symbol file LoadedFromMemory doesn't match image C:\Users\asus\Desktop\Yeni klasör (7)\Deep-Diver\DeepDiver\Library\PackageCache\com.unity.visualscripting@1.8.0\Editor\VisualScripting.Core\Dependencies\YamlDotNet\Unity.VisualScripting.YamlDotNet.dll
Symbol file LoadedFromMemory doesn't match image C:\Users\asus\Desktop\Yeni klasör (7)\Deep-Diver\DeepDiver\Library\PackageCache\com.unity.visualscripting@1.8.0\Editor\VisualScripting.Core\Dependencies\DotNetZip\Unity.VisualScripting.IonicZip.dll
- Loaded All Assemblies, in  1.192 seconds
Refreshing native plugins compatible for Editor in 8.13 ms, found 6 plugins.
Native extension for WindowsStandalone target not found
Native extension for Android target not found
Mono: successfully reloaded assembly
- Finished resetting the current domain, in  3.184 seconds
Domain Reload Profiling: 4370ms
	BeginReloadAssembly (245ms)
		ExecutionOrderSort (0ms)
		DisableScriptedObjects (7ms)
		BackupInstance (0ms)
		ReleaseScriptingObjects (0ms)
		CreateAndSetChildDomain (85ms)
	RebuildCommonClasses (50ms)
	RebuildNativeTypeToScriptingClass (14ms)
	initialDomainReloadingComplete (49ms)
	LoadAllAssembliesAndSetupDomain (827ms)
		LoadAssemblies (460ms)
		RebuildTransferFunctionScriptingTraits (0ms)
		AnalyzeDomain (457ms)
			TypeCache.Refresh (439ms)
				TypeCache.ScanAssembly (414ms)
			ScanForSourceGeneratedMonoScriptInfo (0ms)
			ResolveRequiredComponents (18ms)
	FinalizeReload (3185ms)
		ReleaseScriptCaches (0ms)
		RebuildScriptCaches (0ms)
		SetupLoadedEditorAssemblies (708ms)
			LogAssemblyErrors (0ms)
			InitializePlatformSupportModulesInManaged (40ms)
			SetLoadedEditorAssemblies (7ms)
			RefreshPlugins (0ms)
			BeforeProcessingInitializeOnLoad (128ms)
			ProcessInitializeOnLoadAttributes (419ms)
			ProcessInitializeOnLoadMethodAttributes (97ms)
			AfterProcessingInitializeOnLoad (16ms)
			EditorAssembliesLoaded (0ms)
		ExecutionOrderSort2 (0ms)
		AwakeInstancesAfterBackupRestoration (24ms)
Refreshing native plugins compatible for Editor in 11.31 ms, found 6 plugins.
Preloading 0 native plugins for Editor in 0.00 ms.
Unloading 5304 Unused Serialized files (Serialized files now loaded: 0)
Unloading 46 unused Assets / (323.0 KB). Loaded Objects now: 5949.
Memory consumption went from 189.4 MB to 189.1 MB.
Total: 6.370300 ms (FindLiveObjects: 0.453800 ms CreateObjectMapping: 0.541000 ms MarkObjects: 5.166300 ms  DeleteObjects: 0.208100 ms)

Prepare: number of updated asset objects reloaded= 0
AssetImportParameters requested are different than current active one (requested -> active):
  custom:container-demuxer-ogg: 62fdf1f143b41e24485cea50d1cbac27 -> 
  custom:video-decoder-ogg-theora: a1e56fd34408186e4bbccfd4996cb3dc -> 
  custom:framework-win-MediaFoundation: 216162199b28c13a410421893ffa2e32 -> 
  custom:CustomObjectIndexerAttribute: a3ef5dd2817f97addfee359851a9dba5 -> 
  custom:container-demuxer-webm: 4f35f7cbe854078d1ac9338744f61a02 -> 
  custom:container-muxer-webm: aa71ff27fc2769a1b78a27578f13a17b -> 
  custom:video-decoder-webm-vp8: 9c59270c3fd7afecdb556c50c9e8de78 -> 
  custom:AudioImporter_EditorPlatform: d09bf68614088b80899f8185d706f6e7 -> 
  custom:video-encoder-webm-vp8: eb34c28f22e8b96e1ab97ce403110664 -> 
  custom:audio-decoder-ogg-vorbis: bf7c407c2cedff20999df2af8eb42d56 -> 
  custom:audio-encoder-webm-vorbis: bf7c407c2cedff20999df2af8eb42d56 -> 
========================================================================
Received Import Request.
  Time since last request: 98.708455 seconds.
  path: Assets/Prefabs/New Folder
  artifactKey: Guid(c619220cd8ee36a42a044a68327000b9) Importer(815301076,1909f56bfc062723c751e8b465ee728b)
Start importing Assets/Prefabs/New Folder using Guid(c619220cd8ee36a42a044a68327000b9) Importer(815301076,1909f56bfc062723c751e8b465ee728b)  -> (artifact id: '5339108d2e981dbf23203c4a1516a42f') in 0.029644 seconds
Number of updated asset objects reloaded before import = 0
Number of asset objects unloaded after import = 0
========================================================================
Received Import Request.
  Time since last request: 46.298086 seconds.
  path: Assets/Prefabs/Enviroment
  artifactKey: Guid(c619220cd8ee36a42a044a68327000b9) Importer(815301076,1909f56bfc062723c751e8b465ee728b)
Start importing Assets/Prefabs/Enviroment using Guid(c619220cd8ee36a42a044a68327000b9) Importer(815301076,1909f56bfc062723c751e8b465ee728b)  -> (artifact id: '748abd0a7ff87da5daf8243ab150d728') in 0.000523 seconds
Number of updated asset objects reloaded before import = 0
Number of asset objects unloaded after import = 0
========================================================================
Received Import Request.
  Time since last request: 35.492121 seconds.
  path: Assets/Prefabs/Enviroment/plant_green Variant.prefab
  artifactKey: Guid(2b0ba4dd7e1f23a45b77b6ea8c0a3297) Importer(815301076,1909f56bfc062723c751e8b465ee728b)
Start importing Assets/Prefabs/Enviroment/plant_green Variant.prefab using Guid(2b0ba4dd7e1f23a45b77b6ea8c0a3297) Importer(815301076,1909f56bfc062723c751e8b465ee728b)  -> (artifact id: '34b07a08f2b6c09ad2c835ccf8e014f0') in 0.002957 seconds
Number of updated asset objects reloaded before import = 0
Number of asset objects unloaded after import = 6
========================================================================
Received Import Request.
  Time since last request: 848.201945 seconds.
  path: Assets/Prefabs/Environment
  artifactKey: Guid(c619220cd8ee36a42a044a68327000b9) Importer(815301076,1909f56bfc062723c751e8b465ee728b)
Start importing Assets/Prefabs/Environment using Guid(c619220cd8ee36a42a044a68327000b9) Importer(815301076,1909f56bfc062723c751e8b465ee728b)  -> (artifact id: 'c7205a6eab40178579fc5b0a1eef3fe6') in 0.000863 seconds
Number of updated asset objects reloaded before import = 0
Number of asset objects unloaded after import = 0
